****** Scrapper process started on '2018-03-04T13:30:01.574056' 

Processing observations for datetime: '2018-03-04T12:00:00'
Inserting Observations for foi '1' and time '2018-03-04T12:00:00'
Observations 'b'{"Temp": "9", "Vlaga": "66", "Tlak": "994.9", "TlakTend": "-1.0", "VjetarSmjer": "SE", "VjetarBrzina": "04", "Vrijeme": "overcast", "VrijemeZnak": "6"}'' succesfully inserted for time '2018-03-04T12:00:00' and FOI '1'
Inserting Observations for foi '2' and time '2018-03-04T12:00:00'
Observations 'b'{"Temp": "9", "Vlaga": "81", "Tlak": "1003.8", "TlakTend": "  -1.6", "VjetarSmjer": "SW", "VjetarBrzina": "05", "Vrijeme": "thunderstorm with precipitation"}'' succesfully inserted for time '2018-03-04T12:00:00' and FOI '2'
Inserting Observations for foi '3' and time '2018-03-04T12:00:00'
Observations 'b'{"Temp": "18", "Vlaga": "58", "Tlak": "1005.2", "TlakTend": "   0.0", "VjetarSmjer": "W", "VjetarBrzina": "02", "Vrijeme": "cloudy"}'' succesfully inserted for time '2018-03-04T12:00:00' and FOI '3'
Inserting Observations for foi '4' and time '2018-03-04T12:00:00'
Observations 'b'{"Temp": "2", "Vlaga": "82", "Tlak": "1010.3", "TlakTend": "   0.0", "VjetarSmjer": "N", "VjetarBrzina": "03", "Vrijeme": "overcast"}'' succesfully inserted for time '2018-03-04T12:00:00' and FOI '4'
Inserting Observations for foi '5' and time '2018-03-04T12:00:00'
Observations 'b'{"Temp": "15", "Vlaga": "81", "Tlak": "996.6", "TlakTend": "-0.5", "VjetarSmjer": "SW", "VjetarBrzina": "04", "Vrijeme": "cloudy", "VrijemeZnak": "4"}'' succesfully inserted for time '2018-03-04T12:00:00' and FOI '5'
Inserting Observations for foi '6' and time '2018-03-04T12:00:00'
Observations 'b'{"Temp": "1", "Vlaga": "82", "Tlak": "1010.4", "TlakTend": "+0.1", "VjetarSmjer": "NW", "VjetarBrzina": "01", "Vrijeme": "overcast"}'' succesfully inserted for time '2018-03-04T12:00:00' and FOI '6'
Inserting Observations for foi '7' and time '2018-03-04T12:00:00'
Observations 'b'{"Temp": "1", "Vlaga": "39", "Tlak": "1004.8", "TlakTend": "-1.3", "VjetarSmjer": "SE", "VjetarBrzina": "05", "Vrijeme": "mainly clear", "VrijemeZnak": "2"}'' succesfully inserted for time '2018-03-04T12:00:00' and FOI '7'
Inserting Observations for foi '8' and time '2018-03-04T12:00:00'
Observations 'b'{"Temp": "1", "Vlaga": "94", "Tlak": " 999.7", "TlakTend": "  -1.5", "VjetarSmjer": "N", "VjetarBrzina": "02", "Vrijeme": "-"}'' succesfully inserted for time '2018-03-04T12:00:00' and FOI '8'
Inserting Observations for foi '9' and time '2018-03-04T12:00:00'
Observations 'b'{"Temp": "8", "Vlaga": "68", "Tlak": "997.6", "TlakTend": "-1.1", "VjetarSmjer": "-", "VjetarBrzina": "-", "Vrijeme": "mainly clear", "VrijemeZnak": "2"}'' succesfully inserted for time '2018-03-04T12:00:00' and FOI '9'
Inserting Observations for foi '10' and time '2018-03-04T12:00:00'
Observations 'b'{"Temp": "2", "Vlaga": "49", "Tlak": "1009.4", "TlakTend": "  -0.5", "VjetarSmjer": "SE", "VjetarBrzina": "03", "Vrijeme": "cloudy"}'' succesfully inserted for time '2018-03-04T12:00:00' and FOI '10'
Inserting Observations for foi '11' and time '2018-03-04T12:00:00'
Observations 'b'{"Temp": "0", "Vlaga": "43", "Tlak": "1008.6", "TlakTend": "  -0.8", "VjetarSmjer": "SE", "VjetarBrzina": "04", "Vrijeme": "partly cloudy"}'' succesfully inserted for time '2018-03-04T12:00:00' and FOI '11'
Inserting Observations for foi '13' and time '2018-03-04T12:00:00'
Observations 'b'{"Temp": "-2", "Vlaga": "56", "Tlak": "1009.9", "TlakTend": "+1.7", "VjetarSmjer": "E", "VjetarBrzina": "03", "Vrijeme": "overcast"}'' succesfully inserted for time '2018-03-04T12:00:00' and FOI '13'
Inserting Observations for foi '14' and time '2018-03-04T12:00:00'
Observations 'b'{"Temp": "-1", "Vlaga": "55", "Tlak": "1010.9", "TlakTend": "+0.2", "VjetarSmjer": "SW", "VjetarBrzina": "03", "Vrijeme": "cloudy", "VrijemeZnak": "4"}'' succesfully inserted for time '2018-03-04T12:00:00' and FOI '14'
Inserting Observations for foi '16' and time '2018-03-04T12:00:00'
Observations 'b'{"Temp": "-1", "Vlaga": "69", "Tlak": "1007.8", "TlakTend": "  -0.7", "VjetarSmjer": "SE", "VjetarBrzina": "07", "Vrijeme": "cloudy"}'' succesfully inserted for time '2018-03-04T12:00:00' and FOI '16'
Inserting Observations for foi '17' and time '2018-03-04T12:00:00'
Observations 'b'{"Temp": "2", "Vlaga": "98", "Tlak": "981.1", "TlakTend": "-1.1", "VjetarSmjer": "N", "VjetarBrzina": "07", "Vrijeme": "light rain", "VrijemeZnak": "26"}'' succesfully inserted for time '2018-03-04T12:00:00' and FOI '17'
Inserting Observations for foi '18' and time '2018-03-04T12:00:00'
Observations 'b'{"Temp": "3", "Vlaga": "98", "Tlak": "985.6", "TlakTend": "-1.1", "VjetarSmjer": "E", "VjetarBrzina": "07", "Vrijeme": "light rain", "VrijemeZnak": "26"}'' succesfully inserted for time '2018-03-04T12:00:00' and FOI '18'
Inserting Observations for foi '19' and time '2018-03-04T12:00:00'
Observations 'b'{"Temp": "1", "Vlaga": "96", "Tlak": "993.0", "TlakTend": "-1.2", "VjetarSmjer": "NE", "VjetarBrzina": "04", "Vrijeme": "snow, moderate", "VrijemeZnak": "-"}'' succesfully inserted for time '2018-03-04T12:00:00' and FOI '19'
Inserting Observations for foi '20' and time '2018-03-04T12:00:00'
Observations 'b'{"Temp": "11", "Vlaga": "76", "Tlak": "1003.8", "TlakTend": "  -1.6", "VjetarSmjer": "W", "VjetarBrzina": "02", "Vrijeme": "cloudy"}'' succesfully inserted for time '2018-03-04T12:00:00' and FOI '20'
Inserting Observations for foi '21' and time '2018-03-04T12:00:00'
Observations 'b'{"Temp": "7", "Vlaga": "67", "Tlak": "999.5", "TlakTend": "-1.2", "VjetarSmjer": "N", "VjetarBrzina": "03", "Vrijeme": "clear", "VrijemeZnak": "1"}'' succesfully inserted for time '2018-03-04T12:00:00' and FOI '21'
Inserting Observations for foi '22' and time '2018-03-04T12:00:00'
Observations 'b'{"Temp": "3", "Vlaga": "89", "Tlak": "999.7", "TlakTend": "-1.1", "VjetarSmjer": "S", "VjetarBrzina": "01", "Vrijeme": "cloudy", "VrijemeZnak": "4"}'' succesfully inserted for time '2018-03-04T12:00:00' and FOI '22'
Inserting Observations for foi '23' and time '2018-03-04T12:00:00'
Observations 'b'{"Temp": "11", "Vlaga": "77", "Tlak": "1003.4", "TlakTend": "  -0.2", "VjetarSmjer": "NE", "VjetarBrzina": "01", "Vrijeme": "cloudy"}'' succesfully inserted for time '2018-03-04T12:00:00' and FOI '23'
Inserting Observations for foi '24' and time '2018-03-04T12:00:00'
Observations 'b'{"Temp": "2", "Vlaga": "86", "Tlak": "992.3", "TlakTend": "-1.3", "VjetarSmjer": "E", "VjetarBrzina": "07", "Vrijeme": "moderate rain shower", "VrijemeZnak": "-"}'' succesfully inserted for time '2018-03-04T12:00:00' and FOI '24'
Inserting Observations for foi '25' and time '2018-03-04T12:00:00'
Observations 'b'{"Temp": "1", "Vlaga": "70", "Tlak": "1009.0", "TlakTend": "-0.6", "VjetarSmjer": "C", "VjetarBrzina": "01", "Vrijeme": "overcast", "VrijemeZnak": "6"}'' succesfully inserted for time '2018-03-04T12:00:00' and FOI '25'
Inserting Observations for foi '26' and time '2018-03-04T12:00:00'
Observations 'b'{"Temp": "-6", "Vlaga": "61", "Tlak": "1009.4", "TlakTend": "  -0.3", "VjetarSmjer": "NE", "VjetarBrzina": "02", "Vrijeme": "cloudy"}'' succesfully inserted for time '2018-03-04T12:00:00' and FOI '26'
Inserting Observations for foi '27' and time '2018-03-04T12:00:00'
Observations 'b'{"Temp": "10", "Vlaga": "87", "Tlak": "1002.9", "TlakTend": "+1.6", "VjetarSmjer": "NW", "VjetarBrzina": "11", "Vrijeme": "cloudy, strong breeze"}'' succesfully inserted for time '2018-03-04T12:00:00' and FOI '27'
Inserting Observations for foi '28' and time '2018-03-04T12:00:00'
Observations 'b'{"Temp": "-6", "Vlaga": "69", "Tlak": " 998.8", "TlakTend": "  -0.1", "VjetarSmjer": "W", "VjetarBrzina": "05", "Vrijeme": "overcast"}'' succesfully inserted for time '2018-03-04T12:00:00' and FOI '28'
Inserting Observations for foi '29' and time '2018-03-04T12:00:00'
Observations 'b'{"Temp": "-3", "Vlaga": "47", "Tlak": "1010.1", "TlakTend": "  -0.9", "VjetarSmjer": "E", "VjetarBrzina": "03", "Vrijeme": "partly cloudy"}'' succesfully inserted for time '2018-03-04T12:00:00' and FOI '29'
Inserting Observations for foi '32' and time '2018-03-04T12:00:00'
Observations 'b'{"Temp": "2", "Vlaga": "71", "Tlak": "1009.4", "TlakTend": "-0.4", "VjetarSmjer": "N", "VjetarBrzina": "01", "Vrijeme": "overcast", "VrijemeZnak": "6"}'' succesfully inserted for time '2018-03-04T12:00:00' and FOI '32'
Inserting Observations for foi '33' and time '2018-03-04T12:00:00'
Observations 'b'{"Temp": "9", "Vlaga": "83", "Tlak": "989.7", "TlakTend": "-0.5", "VjetarSmjer": "SE", "VjetarBrzina": "05", "Vrijeme": "-", "VrijemeZnak": "-"}'' succesfully inserted for time '2018-03-04T12:00:00' and FOI '33'
Inserting Observations for foi '34' and time '2018-03-04T12:00:00'
Observations 'b'{"Temp": "11", "Vlaga": "65", "Tlak": "998.9", "TlakTend": "+1.4", "VjetarSmjer": "SW", "VjetarBrzina": "04", "Vrijeme": "partly cloudy", "VrijemeZnak": "3"}'' succesfully inserted for time '2018-03-04T12:00:00' and FOI '34'
Inserting Observations for foi '35' and time '2018-03-04T12:00:00'
Observations 'b'{"Temp": "1", "Vlaga": "69", "Tlak": "1009.2", "TlakTend": "-0.8", "VjetarSmjer": "SE", "VjetarBrzina": "04", "Vrijeme": "cloudy", "VrijemeZnak": "4"}'' succesfully inserted for time '2018-03-04T12:00:00' and FOI '35'
Inserting Observations for foi '36' and time '2018-03-04T12:00:00'
Observations 'b'{"Temp": "5", "Vlaga": "93", "Tlak": "1006.0", "TlakTend": "  -0.2", "VjetarSmjer": "N", "VjetarBrzina": "01", "Vrijeme": "partly cloudy"}'' succesfully inserted for time '2018-03-04T12:00:00' and FOI '36'
Inserting Observations for foi '37' and time '2018-03-04T12:00:00'
Observations 'b'{"Temp": "-7", "Vlaga": "76", "Tlak": "1000.0", "TlakTend": "+1.1", "VjetarSmjer": "NW", "VjetarBrzina": "05", "Vrijeme": "overcast", "VrijemeZnak": "6"}'' succesfully inserted for time '2018-03-04T12:00:00' and FOI '37'
Inserting Observations for foi '39' and time '2018-03-04T12:00:00'
Observations 'b'{"Temp": "12", "Vlaga": "72", "Tlak": "1004.9", "TlakTend": "+0.4", "VjetarSmjer": "E", "VjetarBrzina": "03", "Vrijeme": "cloudy"}'' succesfully inserted for time '2018-03-04T12:00:00' and FOI '39'
Inserting Observations for foi '40' and time '2018-03-04T12:00:00'
Observations 'b'{"Temp": "9", "Vlaga": "59", "Tlak": "1000.1", "TlakTend": "-1.5", "VjetarSmjer": "NE", "VjetarBrzina": "04", "Vrijeme": "clear", "VrijemeZnak": "1"}'' succesfully inserted for time '2018-03-04T12:00:00' and FOI '40'
Inserting Observations for foi '41' and time '2018-03-04T12:00:00'
Observations 'b'{"Temp": "14", "Vlaga": "71", "Tlak": "-", "TlakTend": "  -0.7", "VjetarSmjer": "SW", "VjetarBrzina": "04", "Vrijeme": "cloudy"}'' succesfully inserted for time '2018-03-04T12:00:00' and FOI '41'
Inserting Observations for foi '42' and time '2018-03-04T12:00:00'
Observations 'b'{"Temp": "13", "Vlaga": "67", "Tlak": "1001.7", "TlakTend": "  -0.4", "VjetarSmjer": "NE", "VjetarBrzina": "06", "Vrijeme": "cloudy"}'' succesfully inserted for time '2018-03-04T12:00:00' and FOI '42'
Inserting Observations for foi '43' and time '2018-03-04T12:00:00'
Observations 'b'{"Temp": "-2", "Vlaga": "72", "Tlak": "1011.4", "TlakTend": "+0.5", "VjetarSmjer": "N", "VjetarBrzina": "01", "Vrijeme": "cloudy"}'' succesfully inserted for time '2018-03-04T12:00:00' and FOI '43'
Inserting Observations for foi '44' and time '2018-03-04T12:00:00'
Observations 'b'{"Temp": "-4", "Vlaga": "71", "Tlak": "-", "TlakTend": "  -0.8", "VjetarSmjer": "C", "VjetarBrzina": "00", "Vrijeme": "cloudy"}'' succesfully inserted for time '2018-03-04T12:00:00' and FOI '44'
Inserting Observations for foi '45' and time '2018-03-04T12:00:00'
Observations 'b'{"Temp": "16", "Vlaga": "77", "Tlak": "1001.1", "TlakTend": "  -3.0", "VjetarSmjer": "NW", "VjetarBrzina": "01", "Vrijeme": "-"}'' succesfully inserted for time '2018-03-04T12:00:00' and FOI '45'
Inserting Observations for foi '46' and time '2018-03-04T12:00:00'
Observations 'b'{"Temp": "6", "Vlaga": "95", "Tlak": " 991.7", "TlakTend": "  -1.6", "VjetarSmjer": "SE", "VjetarBrzina": "03", "Vrijeme": "light rain"}'' succesfully inserted for time '2018-03-04T12:00:00' and FOI '46'
Inserting Observations for foi '47' and time '2018-03-04T12:00:00'
Observations 'b'{"Temp": "-2", "Vlaga": "78", "Tlak": "1011.2", "TlakTend": "+0.3", "VjetarSmjer": "E", "VjetarBrzina": "02", "Vrijeme": "overcast", "VrijemeZnak": "6"}'' succesfully inserted for time '2018-03-04T12:00:00' and FOI '47'
Inserting Observations for foi '49' and time '2018-03-04T12:00:00'
Observations 'b'{"Temp": "2", "Vlaga": "35", "Tlak": "1006.0", "TlakTend": "  -1.1", "VjetarSmjer": "-", "VjetarBrzina": "02", "Vrijeme": "cloudy"}'' succesfully inserted for time '2018-03-04T12:00:00' and FOI '49'
Inserting Observations for foi '50' and time '2018-03-04T12:00:00'
Observations 'b'{"Temp": "-1", "Vlaga": "48", "Tlak": "1021.7", "TlakTend": "  -0.1", "VjetarSmjer": "NE", "VjetarBrzina": "05", "Vrijeme": "clear"}'' succesfully inserted for time '2018-03-04T12:00:00' and FOI '50'
Inserting Observations for foi '51' and time '2018-03-04T12:00:00'
Observations 'b'{"Temp": "-3", "Vlaga": "61", "Tlak": "1007.4", "TlakTend": "+0.2", "VjetarSmjer": "NW", "VjetarBrzina": "05", "Vrijeme": "partly cloudy", "VrijemeZnak": "3"}'' succesfully inserted for time '2018-03-04T12:00:00' and FOI '51'
Inserting Observations for foi '52' and time '2018-03-04T12:00:00'
Observations 'b'{"Temp": "14", "Vlaga": "67", "Tlak": "1002.8", "TlakTend": "-1.4", "VjetarSmjer": "W", "VjetarBrzina": "01", "Vrijeme": "cloudy", "VrijemeZnak": "4"}'' succesfully inserted for time '2018-03-04T12:00:00' and FOI '52'
Inserting Observations for foi '53' and time '2018-03-04T12:00:00'
Observations 'b'{"Temp": "8", "Vlaga": "67", "Tlak": "1001.1", "TlakTend": "-1.8", "VjetarSmjer": "NW", "VjetarBrzina": "04", "Vrijeme": "clear", "VrijemeZnak": "1"}'' succesfully inserted for time '2018-03-04T12:00:00' and FOI '53'
Inserting Observations for foi '54' and time '2018-03-04T12:00:00'
Observations 'b'{"Temp": "3", "Vlaga": "87", "Tlak": "1008.2", "TlakTend": "+0.1", "VjetarSmjer": "W", "VjetarBrzina": "01", "Vrijeme": "overcast"}'' succesfully inserted for time '2018-03-04T12:00:00' and FOI '54'
Inserting Observations for foi '55' and time '2018-03-04T12:00:00'
Observations 'b'{"Temp": "11", "Vlaga": "72", "Tlak": "1005.4", "TlakTend": "+0.8", "VjetarSmjer": "N", "VjetarBrzina": "06", "Vrijeme": "cloudy"}'' succesfully inserted for time '2018-03-04T12:00:00' and FOI '55'
Inserting Observations for foi '56' and time '2018-03-04T12:00:00'
Observations 'b'{"Temp": "7", "Vlaga": "74", "Tlak": "1005.5", "TlakTend": "+1.9", "VjetarSmjer": "W", "VjetarBrzina": "03", "Vrijeme": "cloudy"}'' succesfully inserted for time '2018-03-04T12:00:00' and FOI '56'
Inserting Observations for foi '57' and time '2018-03-04T12:00:00'
Observations 'b'{"Temp": "-4", "Vlaga": "66", "Tlak": "1009.5", "TlakTend": "+0.4", "VjetarSmjer": "N", "VjetarBrzina": "02", "Vrijeme": "-", "VrijemeZnak": "-"}'' succesfully inserted for time '2018-03-04T12:00:00' and FOI '57'
Inserting Observations for foi '58' and time '2018-03-04T12:00:00'
Observations 'b'{"Temp": "5", "Vlaga": "98", "Tlak": " 998.1", "TlakTend": "  -1.4", "VjetarSmjer": "N", "VjetarBrzina": "02", "Vrijeme": "overcast"}'' succesfully inserted for time '2018-03-04T12:00:00' and FOI '58'
Inserting Observations for foi '59' and time '2018-03-04T12:00:00'
Observations 'b'{"Temp": "-5", "Vlaga": "74", "Tlak": "-", "TlakTend": "-", "VjetarSmjer": "N", "VjetarBrzina": "02", "Vrijeme": "-", "VrijemeZnak": "-"}'' succesfully inserted for time '2018-03-04T12:00:00' and FOI '59'
Inserting Observations for foi '60' and time '2018-03-04T12:00:00'
Observations 'b'{"Temp": "17", "Vlaga": "50", "Tlak": "1003.1", "TlakTend": "+0.6", "VjetarSmjer": "NW", "VjetarBrzina": "04", "Vrijeme": "cloudy"}'' succesfully inserted for time '2018-03-04T12:00:00' and FOI '60'
Inserting Observations for foi '61' and time '2018-03-04T12:00:00'
Observations 'b'{"Temp": "12", "Vlaga": "73", "Tlak": " 997.8", "TlakTend": "+2.9", "VjetarSmjer": "NW", "VjetarBrzina": "05", "Vrijeme": "light rain"}'' succesfully inserted for time '2018-03-04T12:00:00' and FOI '61'
Inserting Observations for foi '62' and time '2018-03-04T12:00:00'
Observations 'b'{"Temp": "11", "Vlaga": "49", "Tlak": "1005.1", "TlakTend": "  -0.2", "VjetarSmjer": "NE", "VjetarBrzina": "04", "Vrijeme": "clear"}'' succesfully inserted for time '2018-03-04T12:00:00' and FOI '62'
Inserting Observations for foi '63' and time '2018-03-04T12:00:00'
Observations 'b'{"Temp": "2", "Vlaga": "77", "Tlak": "1011.0", "TlakTend": "   0.0", "VjetarSmjer": "SE", "VjetarBrzina": "01", "Vrijeme": "cloudy"}'' succesfully inserted for time '2018-03-04T12:00:00' and FOI '63'/usr/local/lib/python3.6/dist-packages/psycopg2/__init__.py:144: UserWarning: The psycopg2 wheel package will be renamed from release 2.8; in order to keep installing from binary please use "pip install psycopg2-binary" instead. For details see: <http://initd.org/psycopg/docs/install.html#binary-install-from-pypi>.
  """)

Inserting Observations for foi '64' and time '2018-03-04T12:00:00'
Observations 'b'{"Temp": "19", "Vlaga": "56", "Tlak": "1003.5", "TlakTend": "  -1.9", "VjetarSmjer": "SE", "VjetarBrzina": "06", "Vrijeme": "mainly clear"}'' succesfully inserted for time '2018-03-04T12:00:00' and FOI '64'
Inserting Observations for foi '65' and time '2018-03-04T12:00:00'
Observations 'b'{"Temp": "6", "Vlaga": "95", "Tlak": "1005.4", "TlakTend": "  -1.0", "VjetarSmjer": "-", "VjetarBrzina": "02", "Vrijeme": "fog patches"}'' succesfully inserted for time '2018-03-04T12:00:00' and FOI '65'
Inserting Observations for foi '66' and time '2018-03-04T12:00:00'
Observations 'b'{"Temp": "-5", "Vlaga": "59", "Tlak": "1005.3", "TlakTend": "+0.9", "VjetarSmjer": "NW", "VjetarBrzina": "05", "Vrijeme": "clear", "VrijemeZnak": "1"}'' succesfully inserted for time '2018-03-04T12:00:00' and FOI '66'
Inserting Observations for foi '67' and time '2018-03-04T12:00:00'
Observations 'b'{"Temp": "-2", "Vlaga": "61", "Tlak": "1009.8", "TlakTend": "  -0.9", "VjetarSmjer": "W", "VjetarBrzina": "02", "Vrijeme": "partly cloudy"}'' succesfully inserted for time '2018-03-04T12:00:00' and FOI '67'
Inserting Observations for foi '68' and time '2018-03-04T12:00:00'
Observations 'b'{"Temp": "1", "Vlaga": "54", "Tlak": "1008.3", "TlakTend": "-0.9", "VjetarSmjer": "SE", "VjetarBrzina": "03", "Vrijeme": "cloudy", "VrijemeZnak": "4"}'' succesfully inserted for time '2018-03-04T12:00:00' and FOI '68'
Inserting Observations for foi '69' and time '2018-03-04T12:00:00'
Observations 'b'{"Temp": "2", "Vlaga": "65", "Tlak": "1009.7", "TlakTend": "  -0.4", "VjetarSmjer": "NW", "VjetarBrzina": "01", "Vrijeme": "overcast"}'' succesfully inserted for time '2018-03-04T12:00:00' and FOI '69'
Inserting Observations for foi '70' and time '2018-03-04T12:00:00'
Observations 'b'{"Temp": "5", "Vlaga": "79", "Tlak": " 998.7", "TlakTend": "  -1.3", "VjetarSmjer": "NE", "VjetarBrzina": "03", "Vrijeme": "-"}'' succesfully inserted for time '2018-03-04T12:00:00' and FOI '70'

****** Scrapper process finished on '2018-03-04T13:30:05.217609' 

