****** Scrapper process started on '2018-03-04T10:30:01.192035' 

Processing observations for datetime: '2018-03-04T09:00:00'
Inserting Observations for foi '1' and time '2018-03-04T09:00:00'
Observations 'b'{"Temp": "3", "Vlaga": "79", "Tlak": "995.9", "TlakTend": "+0.2", "VjetarSmjer": "SE", "VjetarBrzina": "04", "Vrijeme": "mist", "VrijemeZnak": "6"}'' succesfully inserted for time '2018-03-04T09:00:00' and FOI '1'
Inserting Observations for foi '2' and time '2018-03-04T09:00:00'
Observations 'b'{"Temp": "8", "Vlaga": "83", "Tlak": "1005.5", "TlakTend": "  -0.8", "VjetarSmjer": "S", "VjetarBrzina": "05", "Vrijeme": "heavy rain showers"}'' succesfully inserted for time '2018-03-04T09:00:00' and FOI '2'
Inserting Observations for foi '3' and time '2018-03-04T09:00:00'
Observations 'b'{"Temp": "17", "Vlaga": "63", "Tlak": "1005.2", "TlakTend": "+1.1", "VjetarSmjer": "SW", "VjetarBrzina": "03", "Vrijeme": "cloudy"}'' succesfully inserted for time '2018-03-04T09:00:00' and FOI '3'
Inserting Observations for foi '4' and time '2018-03-04T09:00:00'
Observations 'b'{"Temp": "2", "Vlaga": "77", "Tlak": "1010.3", "TlakTend": "+2.0", "VjetarSmjer": "NW", "VjetarBrzina": "01", "Vrijeme": "overcast"}'' succesfully inserted for time '2018-03-04T09:00:00' and FOI '4'
Inserting Observations for foi '5' and time '2018-03-04T09:00:00'
Observations 'b'{"Temp": "14", "Vlaga": "72", "Tlak": "997.1", "TlakTend": "0.0", "VjetarSmjer": "NW", "VjetarBrzina": "01", "Vrijeme": "cloudy", "VrijemeZnak": "4"}'' succesfully inserted for time '2018-03-04T09:00:00' and FOI '5'
Inserting Observations for foi '6' and time '2018-03-04T09:00:00'
Observations 'b'{"Temp": "0", "Vlaga": "92", "Tlak": "1010.4", "TlakTend": "+3.4", "VjetarSmjer": "NW", "VjetarBrzina": "01", "Vrijeme": "light snow"}'' succesfully inserted for time '2018-03-04T09:00:00' and FOI '6'
Inserting Observations for foi '7' and time '2018-03-04T09:00:00'
Observations 'b'{"Temp": "-4", "Vlaga": "49", "Tlak": "1006.2", "TlakTend": "-0.8", "VjetarSmjer": "SE", "VjetarBrzina": "06", "Vrijeme": "partly cloudy", "VrijemeZnak": "3"}'' succesfully inserted for time '2018-03-04T09:00:00' and FOI '7'
Inserting Observations for foi '8' and time '2018-03-04T09:00:00'
Observations 'b'{"Temp": "-2", "Vlaga": "100", "Tlak": "1002.0", "TlakTend": "  -0.7", "VjetarSmjer": "C", "VjetarBrzina": "00", "Vrijeme": "-"}'' succesfully inserted for time '2018-03-04T09:00:00' and FOI '8'
Inserting Observations for foi '9' and time '2018-03-04T09:00:00'
Observations 'b'{"Temp": "3", "Vlaga": "85", "Tlak": "998.9", "TlakTend": "+0.1", "VjetarSmjer": "E", "VjetarBrzina": "06", "Vrijeme": "cloudy", "VrijemeZnak": "4"}'' succesfully inserted for time '2018-03-04T09:00:00' and FOI '9'
Inserting Observations for foi '10' and time '2018-03-04T09:00:00'
Observations 'b'{"Temp": "-2", "Vlaga": "56", "Tlak": "1010.2", "TlakTend": "+1.2", "VjetarSmjer": "-", "VjetarBrzina": "01", "Vrijeme": "partly cloudy"}'' succesfully inserted for time '2018-03-04T09:00:00' and FOI '10'
Inserting Observations for foi '11' and time '2018-03-04T09:00:00'
Observations 'b'{"Temp": "-5", "Vlaga": "52", "Tlak": "1010.0", "TlakTend": "+0.5", "VjetarSmjer": "NE", "VjetarBrzina": "04", "Vrijeme": "partly cloudy"}'' succesfully inserted for time '2018-03-04T09:00:00' and FOI '11'
Inserting Observations for foi '12' and time '2018-03-04T09:00:00'
Observations 'b'{"Temp": "6", "Vlaga": "78", "Tlak": " 995.3", "TlakTend": "  -0.1", "VjetarSmjer": "SE", "VjetarBrzina": "02", "Vrijeme": "clear"}'' succesfully inserted for time '2018-03-04T09:00:00' and FOI '12'
Inserting Observations for foi '13' and time '2018-03-04T09:00:00'
Observations 'b'{"Temp": "-4", "Vlaga": "64", "Tlak": "1008.2", "TlakTend": "+2.4", "VjetarSmjer": "NE", "VjetarBrzina": "04", "Vrijeme": "overcast"}'' succesfully inserted for time '2018-03-04T09:00:00' and FOI '13'
Inserting Observations for foi '14' and time '2018-03-04T09:00:00'
Observations 'b'{"Temp": "-3", "Vlaga": "58", "Tlak": "1010.9", "TlakTend": "+1.6", "VjetarSmjer": "E", "VjetarBrzina": "02", "Vrijeme": "cloudy", "VrijemeZnak": "4"}'' succesfully inserted for time '2018-03-04T09:00:00' and FOI '14'
Inserting Observations for foi '15' and time '2018-03-04T09:00:00'
Observations 'b'{"Temp": "-6", "Vlaga": "53", "Tlak": "1007.6", "TlakTend": "+0.5", "VjetarSmjer": "NW", "VjetarBrzina": "05", "Vrijeme": "mainly clear"}'' succesfully inserted for time '2018-03-04T09:00:00' and FOI '15'
Inserting Observations for foi '16' and time '2018-03-04T09:00:00'
Observations 'b'{"Temp": "-2", "Vlaga": "74", "Tlak": "1008.5", "TlakTend": "  -0.1", "VjetarSmjer": "SE", "VjetarBrzina": "08", "Vrijeme": "cloudy, light breeze"}'' succesfully inserted for time '2018-03-04T09:00:00' and FOI '16'
Inserting Observations for foi '17' and time '2018-03-04T09:00:00'
Observations 'b'{"Temp": "2", "Vlaga": "99", "Tlak": "982.3", "TlakTend": "-0.8", "VjetarSmjer": "N", "VjetarBrzina": "08", "Vrijeme": "overcast, light breeze", "VrijemeZnak": "6"}'' succesfully inserted for time '2018-03-04T09:00:00' and FOI '17'
Inserting Observations for foi '18' and time '2018-03-04T09:00:00'
Observations 'b'{"Temp": "2", "Vlaga": "94", "Tlak": "986.8", "TlakTend": "-0.7", "VjetarSmjer": "E", "VjetarBrzina": "08", "Vrijeme": "light rain, light breeze", "VrijemeZnak": "26"}'' succesfully inserted for time '2018-03-04T09:00:00' and FOI '18'
Inserting Observations for foi '19' and time '2018-03-04T09:00:00'
Observations 'b'{"Temp": "2", "Vlaga": "80", "Tlak": "994.2", "TlakTend": "-0.4", "VjetarSmjer": "E", "VjetarBrzina": "04", "Vrijeme": "precipitation", "VrijemeZnak": "-"}'' succesfully inserted for time '2018-03-04T09:00:00' and FOI '19'
Inserting Observations for foi '21' and time '2018-03-04T09:00:00'
Observations 'b'{"Temp": "2", "Vlaga": "87", "Tlak": "1000.9", "TlakTend": "-0.2", "VjetarSmjer": "NE", "VjetarBrzina": "02", "Vrijeme": "overcast", "VrijemeZnak": "6"}'' succesfully inserted for time '2018-03-04T09:00:00' and FOI '21'
Inserting Observations for foi '22' and time '2018-03-04T09:00:00'
Observations 'b'{"Temp": "1", "Vlaga": "99", "Tlak": "1001.3", "TlakTend": "  -0.8", "VjetarSmjer": "SW", "VjetarBrzina": "02", "Vrijeme": "fog"}'' succesfully inserted for time '2018-03-04T09:00:00' and FOI '22'
Inserting Observations for foi '23' and time '2018-03-04T09:00:00'
Observations 'b'{"Temp": "9", "Vlaga": "78", "Tlak": "1003.7", "TlakTend": "+1.5", "VjetarSmjer": "NE", "VjetarBrzina": "02", "Vrijeme": "cloudy"}'' succesfully inserted for time '2018-03-04T09:00:00' and FOI '23'
Inserting Observations for foi '24' and time '2018-03-04T09:00:00'
Observations 'b'{"Temp": "1", "Vlaga": "84", "Tlak": "993.6", "TlakTend": "-0.5", "VjetarSmjer": "E", "VjetarBrzina": "06", "Vrijeme": "light rain", "VrijemeZnak": "-"}'' succesfully inserted for time '2018-03-04T09:00:00' and FOI '24'
Inserting Observations for foi '25' and time '2018-03-04T09:00:00'
Observations 'b'{"Temp": "-2", "Vlaga": "80", "Tlak": "1009.9", "TlakTend": "+1.1", "VjetarSmjer": "C", "VjetarBrzina": "02", "Vrijeme": "overcast", "VrijemeZnak": "6"}'' succesfully inserted for time '2018-03-04T09:00:00' and FOI '25'
Inserting Observations for foi '26' and time '2018-03-04T09:00:00'
Observations 'b'{"Temp": "-9", "Vlaga": "62", "Tlak": "1009.7", "TlakTend": "+0.2", "VjetarSmjer": "NE", "VjetarBrzina": "02", "Vrijeme": "partly cloudy"}'' succesfully inserted for time '2018-03-04T09:00:00' and FOI '26'
Inserting Observations for foi '27' and time '2018-03-04T09:00:00'
Observations 'b'{"Temp": "13", "Vlaga": "87", "Tlak": "1001.3", "TlakTend": "+0.3", "VjetarSmjer": "NW", "VjetarBrzina": "04", "Vrijeme": "cloudy"}'' succesfully inserted for time '2018-03-04T09:00:00' and FOI '27'
Inserting Observations for foi '28' and time '2018-03-04T09:00:00'
Observations 'b'{"Temp": "-9", "Vlaga": "70", "Tlak": " 999.1", "TlakTend": "+0.7", "VjetarSmjer": "W", "VjetarBrzina": "04", "Vrijeme": "cloudy"}'' succesfully inserted for time '2018-03-04T09:00:00' and FOI '28'
Inserting Observations for foi '29' and time '2018-03-04T09:00:00'
Observations 'b'{"Temp": "-6", "Vlaga": "57", "Tlak": "1011.4", "TlakTend": "+0.6", "VjetarSmjer": "E", "VjetarBrzina": "01", "Vrijeme": "clear"}'' succesfully inserted for time '2018-03-04T09:00:00' and FOI '29'
Inserting Observations for foi '30' and time '2018-03-04T09:00:00'
Observations 'b'{"Temp": "19", "Vlaga": "90", "Tlak": "1011.3", "TlakTend": "-0.1", "VjetarSmjer": "SE", "VjetarBrzina": "03", "Vrijeme": "cloudy", "VrijemeZnak": "4"}'' succesfully inserted for time '2018-03-04T09:00:00' and FOI '30'
Inserting Observations for foi '32' and time '2018-03-04T09:00:00'
Observations 'b'{"Temp": "0", "Vlaga": "82", "Tlak": "1010.1", "TlakTend": "+1.5", "VjetarSmjer": "C", "VjetarBrzina": "00", "Vrijeme": "overcast", "VrijemeZnak": "6"}'' succesfully inserted for time '2018-03-04T09:00:00' and FOI '32'
Inserting Observations for foi '33' and time '2018-03-04T09:00:00'
Observations 'b'{"Temp": "7", "Vlaga": "94", "Tlak": "990.2", "TlakTend": "-0.1", "VjetarSmjer": "SE", "VjetarBrzina": "05", "Vrijeme": "mist", "VrijemeZnak": "-"}'' succesfully inserted for time '2018-03-04T09:00:00' and FOI '33'
Inserting Observations for foi '34' and time '2018-03-04T09:00:00'
Observations 'b'{"Temp": "8", "Vlaga": "85", "Tlak": "998.4", "TlakTend": "+0.5", "VjetarSmjer": "S", "VjetarBrzina": "03", "Vrijeme": "overcast", "VrijemeZnak": "6"}'' succesfully inserted for time '2018-03-04T09:00:00' and FOI '34'
Inserting Observations for foi '35' and time '2018-03-04T09:00:00'
Observations 'b'{"Temp": "-1", "Vlaga": "77", "Tlak": "1010.2", "TlakTend": "+1.2", "VjetarSmjer": "SE", "VjetarBrzina": "03", "Vrijeme": "mist", "VrijemeZnak": "-"}'' succesfully inserted for time '2018-03-04T09:00:00' and FOI '35'
Inserting Observations for foi '36' and time '2018-03-04T09:00:00'
Observations 'b'{"Temp": "1", "Vlaga": "100", "Tlak": "1006.5", "TlakTend": "+2.1", "VjetarSmjer": "S", "VjetarBrzina": "01", "Vrijeme": "overcast"}'' succesfully inserted for time '2018-03-04T09:00:00' and FOI '36'
Inserting Observations for foi '37' and time '2018-03-04T09:00:00'
Observations 'b'{"Temp": "-10", "Vlaga": "82", "Tlak": "999.1", "TlakTend": "+1.5", "VjetarSmjer": "NW", "VjetarBrzina": "04", "Vrijeme": "snow", "VrijemeZnak": "37"}'' succesfully inserted for time '2018-03-04T09:00:00' and FOI '37'
Inserting Observations for foi '39' and time '2018-03-04T09:00:00'
Observations 'b'{"Temp": "10", "Vlaga": "87", "Tlak": "1004.5", "TlakTend": "+2.2", "VjetarSmjer": "E", "VjetarBrzina": "03", "Vrijeme": "cloudy"}'' succesfully inserted for time '2018-03-04T09:00:00' and FOI '39'
Inserting Observations for foi '40' and time '2018-03-04T09:00:00'
Observations 'b'{"Temp": "4", "Vlaga": "77", "Tlak": "1002.8", "TlakTend": "-0.2", "VjetarSmjer": "E", "VjetarBrzina": "02", "Vrijeme": "clear", "VrijemeZnak": "1"}'' succesfully inserted for time '2018-03-04T09:00:00' and FOI '40'
Inserting Observations for foi '41' and time '2018-03-04T09:00:00'
Observations 'b'{"Temp": "15", "Vlaga": "69", "Tlak": "-", "TlakTend": "+0.5", "VjetarSmjer": "S", "VjetarBrzina": "02", "Vrijeme": "partly cloudy"}'' succesfully inserted for time '2018-03-04T09:00:00' and FOI '41'
Inserting Observations for foi '42' and time '2018-03-04T09:00:00'
Observations 'b'{"Temp": "8", "Vlaga": "65", "Tlak": "1002.1", "TlakTend": "+1.0", "VjetarSmjer": "NW", "VjetarBrzina": "05", "Vrijeme": "cloudy"}'' succesfully inserted for time '2018-03-04T09:00:00' and FOI '42'
Inserting Observations for foi '71' and time '2018-03-04T09:00:00'
Observations 'b'{"Temp": "21", "Vlaga": "66", "Tlak": "1010.0", "TlakTend": "-0.4", "VjetarSmjer": "E", "VjetarBrzina": "02", "Vrijeme": "cloudy", "VrijemeZnak": "4"}'' succesfully inserted for time '2018-03-04T09:00:00' and FOI '71'
Inserting Observations for foi '43' and time '2018-03-04T09:00:00'
Observations 'b'{"Temp": "-3", "Vlaga": "89", "Tlak": "1011.0", "TlakTend": "+2.9", "VjetarSmjer": "N", "VjetarBrzina": "02", "Vrijeme": "light snow"}'' succesfully inserted for time '2018-03-04T09:00:00' and FOI '43'
Inserting Observations for foi '44' and time '2018-03-04T09:00:00'
Observations 'b'{"Temp": "-7", "Vlaga": "80", "Tlak": "-", "TlakTend": "+0.4", "VjetarSmjer": "C", "VjetarBrzina": "00", "Vrijeme": "cloudy", "VrijemeZnak": "4"}'' succesfully inserted for time '2018-03-04T09:00:00' and FOI '44'
Inserting Observations for foi '45' and time '2018-03-04T09:00:00'
Observations 'b'{"Temp": "15", "Vlaga": "74", "Tlak": "1004.3", "TlakTend": "  -1.0", "VjetarSmjer": "-", "VjetarBrzina": "01", "Vrijeme": "-"}'' succesfully inserted for time '2018-03-04T09:00:00' and FOI '45'
Inserting Observations for foi '46' and time '2018-03-04T09:00:00'
Observations 'b'{"Temp": "5", "Vlaga": "92", "Tlak": " 993.4", "TlakTend": "  -0.8", "VjetarSmjer": "E", "VjetarBrzina": "02", "Vrijeme": "light rain"}'' succesfully inserted for time '2018-03-04T09:00:00' and FOI '46'
Inserting Observations for foi '47' and time '2018-03-04T09:00:00'
Observations 'b'{"Temp": "-2", "Vlaga": "89", "Tlak": "1010.9", "TlakTend": "+2.1", "VjetarSmjer": "SE", "VjetarBrzina": "02", "Vrijeme": "overcast", "VrijemeZnak": "6"}'' succesfully inserted for time '2018-03-04T09:00:00' and FOI '47'
Inserting Observations for foi '49' and time '2018-03-04T09:00:00'
Observations 'b'{"Temp": "-3", "Vlaga": "53", "Tlak": "1007.7", "TlakTend": "+0.1", "VjetarSmjer": "E", "VjetarBrzina": "01", "Vrijeme": "partly cloudy"}'' succesfully inserted for time '2018-03-04T09:00:00' and FOI '49'
Inserting Observations for foi '50' and time '2018-03-04T09:00:00'
Observations 'b'{"Temp": "-2", "Vlaga": "56", "Tlak": "1021.8", "TlakTend": "  -0.1", "VjetarSmjer": "N", "VjetarBrzina": "04", "Vrijeme": "clear"}'' succesfully inserted for time '2018-03-04T09:00:00' and FOI '50'
Inserting Observations for foi '51' and time '2018-03-04T09:00:00'
Observations 'b'{"Temp": "-3", "Vlaga": "58", "Tlak": "1007.2", "TlakTend": "+0.3", "VjetarSmjer": "N", "VjetarBrzina": "02", "Vrijeme": "mainly clear", "VrijemeZnak": "2"}'' succesfully inserted for time '2018-03-04T09:00:00' and FOI '51'
Inserting Observations for foi '52' and time '2018-03-04T09:00:00'
Observations 'b'{"Temp": "12", "Vlaga": "67", "Tlak": "1004.5", "TlakTend": "+0.9", "VjetarSmjer": "C", "VjetarBrzina": "00", "Vrijeme": "cloudy", "VrijemeZnak": "4"}'' succesfully inserted for time '2018-03-04T09:00:00' and FOI '52'
Inserting Observations for foi '53' and time '2018-03-04T09:00:00'
Observations 'b'{"Temp": "4", "Vlaga": "80", "Tlak": "1003.9", "TlakTend": "-0.4", "VjetarSmjer": "C", "VjetarBrzina": "02", "Vrijeme": "clear", "VrijemeZnak": "1"}'' succesfully inserted for time '2018-03-04T09:00:00' and FOI '53'
Inserting Observations for foi '54' and time '2018-03-04T09:00:00'
Observations 'b'{"Temp": "1", "Vlaga": "92", "Tlak": "1008.7", "TlakTend": "+3.2", "VjetarSmjer": "NW", "VjetarBrzina": "01", "Vrijeme": "light snow"}'' succesfully inserted for time '2018-03-04T09:00:00' and FOI '54'
Inserting Observations for foi '55' and time '2018-03-04T09:00:00'
Observations 'b'{"Temp": "11", "Vlaga": "79", "Tlak": "1004.6", "TlakTend": "+2.8", "VjetarSmjer": "N", "VjetarBrzina": "01", "Vrijeme": "cloudy"}'' succesfully inserted for time '2018-03-04T09:00:00' and FOI '55'
Inserting Observations for foi '56' and time '2018-03-04T09:00:00'
Observations 'b'{"Temp": "6", "Vlaga": "85", "Tlak": "1003.6", "TlakTend": "+3.1", "VjetarSmjer": "NW", "VjetarBrzina": "03", "Vrijeme": "light rain"}'' succesfully inserted for time '2018-03-04T09:00:00' and FOI '56'
Inserting Observations for foi '57' and time '2018-03-04T09:00:00'
Observations 'b'{"Temp": "-5", "Vlaga": "83", "Tlak": "1009.9", "TlakTend": "-0.4", "VjetarSmjer": "NW", "VjetarBrzina": "01", "Vrijeme": "-", "VrijemeZnak": "-"}'' succesfully inserted for time '2018-03-04T09:00:00' and FOI '57'
Inserting Observations for foi '58' and time '2018-03-04T09:00:00'
Observations 'b'{"Temp": "1", "Vlaga": "99", "Tlak": " 999.8", "TlakTend": "  -0.9", "VjetarSmjer": "NE", "VjetarBrzina": "01", "Vrijeme": "fog"}'' succesfully inserted for time '2018-03-04T09:00:00' and FOI '58'
Inserting Observations for foi '59' and time '2018-03-04T09:00:00'
Observations 'b'{"Temp": "-6", "Vlaga": "60", "Tlak": "-", "TlakTend": "-", "VjetarSmjer": "NE", "VjetarBrzina": "03", "Vrijeme": "-", "VrijemeZnak": "-"}'' succesfully inserted for time '2018-03-04T09:00:00' and FOI '59'
Inserting Observations for foi '60' and time '2018-03-04T09:00:00'/usr/local/lib/python3.6/dist-packages/psycopg2/__init__.py:144: UserWarning: The psycopg2 wheel package will be renamed from release 2.8; in order to keep installing from binary please use "pip install psycopg2-binary" instead. For details see: <http://initd.org/psycopg/docs/install.html#binary-install-from-pypi>.
  """)

Observations 'b'{"Temp": "16", "Vlaga": "68", "Tlak": "1002.6", "TlakTend": "+1.4", "VjetarSmjer": "NE", "VjetarBrzina": "01", "Vrijeme": "cloudy"}'' succesfully inserted for time '2018-03-04T09:00:00' and FOI '60'
Inserting Observations for foi '61' and time '2018-03-04T09:00:00'
Observations 'b'{"Temp": "11", "Vlaga": "74", "Tlak": " 994.9", "TlakTend": "+2.2", "VjetarSmjer": "SW", "VjetarBrzina": "03", "Vrijeme": "overcast"}'' succesfully inserted for time '2018-03-04T09:00:00' and FOI '61'
Inserting Observations for foi '62' and time '2018-03-04T09:00:00'
Observations 'b'{"Temp": "9", "Vlaga": "55", "Tlak": "1005.4", "TlakTend": "+2.5", "VjetarSmjer": "NE", "VjetarBrzina": "04", "Vrijeme": "clear"}'' succesfully inserted for time '2018-03-04T09:00:00' and FOI '62'
Inserting Observations for foi '63' and time '2018-03-04T09:00:00'
Observations 'b'{"Temp": "0", "Vlaga": "90", "Tlak": "1011.4", "TlakTend": "+3.2", "VjetarSmjer": "SW", "VjetarBrzina": "01", "Vrijeme": "light snow"}'' succesfully inserted for time '2018-03-04T09:00:00' and FOI '63'
Inserting Observations for foi '65' and time '2018-03-04T09:00:00'
Observations 'b'{"Temp": "1", "Vlaga": "98", "Tlak": "1006.5", "TlakTend": "+2.5", "VjetarSmjer": "-", "VjetarBrzina": "01", "Vrijeme": "fog patches"}'' succesfully inserted for time '2018-03-04T09:00:00' and FOI '65'
Inserting Observations for foi '66' and time '2018-03-04T09:00:00'
Observations 'b'{"Temp": "-9", "Vlaga": "70", "Tlak": "1004.6", "TlakTend": "+1.2", "VjetarSmjer": "NW", "VjetarBrzina": "04", "Vrijeme": "clear", "VrijemeZnak": "1"}'' succesfully inserted for time '2018-03-04T09:00:00' and FOI '66'
Inserting Observations for foi '67' and time '2018-03-04T09:00:00'
Observations 'b'{"Temp": "-6", "Vlaga": "73", "Tlak": "1010.9", "TlakTend": "+1.1", "VjetarSmjer": "W", "VjetarBrzina": "03", "Vrijeme": "cloudy"}'' succesfully inserted for time '2018-03-04T09:00:00' and FOI '67'
Inserting Observations for foi '68' and time '2018-03-04T09:00:00'
Observations 'b'{"Temp": "-4", "Vlaga": "55", "Tlak": "1009.7", "TlakTend": "+0.7", "VjetarSmjer": "E", "VjetarBrzina": "01", "Vrijeme": "cloudy", "VrijemeZnak": "4"}'' succesfully inserted for time '2018-03-04T09:00:00' and FOI '68'
Inserting Observations for foi '69' and time '2018-03-04T09:00:00'
Observations 'b'{"Temp": "1", "Vlaga": "78", "Tlak": "1010.2", "TlakTend": "+1.2", "VjetarSmjer": "SE", "VjetarBrzina": "01", "Vrijeme": "overcast"}'' succesfully inserted for time '2018-03-04T09:00:00' and FOI '69'
Inserting Observations for foi '70' and time '2018-03-04T09:00:00'
Observations 'b'{"Temp": "1", "Vlaga": "93", "Tlak": "1001.1", "TlakTend": "  -1.1", "VjetarSmjer": "NE", "VjetarBrzina": "02", "Vrijeme": "-"}'' succesfully inserted for time '2018-03-04T09:00:00' and FOI '70'

****** Scrapper process finished on '2018-03-04T10:30:05.972880' 

