****** Scrapper process started on '2018-03-04T16:30:02.151786' 

Processing observations for datetime: '2018-03-04T15:00:00'
Inserting Observations for foi '1' and time '2018-03-04T15:00:00'
Observations 'b'{"Temp": "11", "Vlaga": "60", "Tlak": "992.8", "TlakTend": "-2.1", "VjetarSmjer": "SE", "VjetarBrzina": "04", "Vrijeme": "overcast", "VrijemeZnak": "6"}'' succesfully inserted for time '2018-03-04T15:00:00' and FOI '1'
Inserting Observations for foi '2' and time '2018-03-04T15:00:00'
Observations 'b'{"Temp": "7", "Vlaga": "85", "Tlak": "1004.8", "TlakTend": "+0.8", "VjetarSmjer": "S", "VjetarBrzina": "04", "Vrijeme": "cloudy"}'' succesfully inserted for time '2018-03-04T15:00:00' and FOI '2'
Inserting Observations for foi '4' and time '2018-03-04T15:00:00'
Observations 'b'{"Temp": "2", "Vlaga": "84", "Tlak": "1009.9", "TlakTend": "  -0.4", "VjetarSmjer": "N", "VjetarBrzina": "02", "Vrijeme": "overcast"}'' succesfully inserted for time '2018-03-04T15:00:00' and FOI '4'
Inserting Observations for foi '5' and time '2018-03-04T15:00:00'
Observations 'b'{"Temp": "15", "Vlaga": "78", "Tlak": "996.7", "TlakTend": "+0.1", "VjetarSmjer": "W", "VjetarBrzina": "04", "Vrijeme": "cloudy", "VrijemeZnak": "4"}'' succesfully inserted for time '2018-03-04T15:00:00' and FOI '5'
Inserting Observations for foi '6' and time '2018-03-04T15:00:00'
Observations 'b'{"Temp": "0", "Vlaga": "80", "Tlak": "1010.0", "TlakTend": "+0.5", "VjetarSmjer": "N", "VjetarBrzina": "03", "Vrijeme": "overcast"}'' succesfully inserted for time '2018-03-04T15:00:00' and FOI '6'
Inserting Observations for foi '7' and time '2018-03-04T15:00:00'
Observations 'b'{"Temp": "4", "Vlaga": "36", "Tlak": "1003.2", "TlakTend": "-1.5", "VjetarSmjer": "E", "VjetarBrzina": "06", "Vrijeme": "clear", "VrijemeZnak": "1"}'' succesfully inserted for time '2018-03-04T15:00:00' and FOI '7'
Inserting Observations for foi '8' and time '2018-03-04T15:00:00'
Observations 'b'{"Temp": "3", "Vlaga": "91", "Tlak": " 998.5", "TlakTend": "  -0.6", "VjetarSmjer": "N", "VjetarBrzina": "02", "Vrijeme": "-"}'' succesfully inserted for time '2018-03-04T15:00:00' and FOI '8'
Inserting Observations for foi '9' and time '2018-03-04T15:00:00'
Observations 'b'{"Temp": "10", "Vlaga": "62", "Tlak": "995.0", "TlakTend": "-2.4", "VjetarSmjer": "E", "VjetarBrzina": "06", "Vrijeme": "cloudy", "VrijemeZnak": "4"}'' succesfully inserted for time '2018-03-04T15:00:00' and FOI '9'
Inserting Observations for foi '10' and time '2018-03-04T15:00:00'
Observations 'b'{"Temp": "2", "Vlaga": "60", "Tlak": "1008.4", "TlakTend": "  -1.0", "VjetarSmjer": "SE", "VjetarBrzina": "05", "Vrijeme": "cloudy"}'' succesfully inserted for time '2018-03-04T15:00:00' and FOI '10'
Inserting Observations for foi '11' and time '2018-03-04T15:00:00'
Observations 'b'{"Temp": "2", "Vlaga": "45", "Tlak": "1007.1", "TlakTend": "  -1.2", "VjetarSmjer": "SE", "VjetarBrzina": "04", "Vrijeme": "mainly clear"}'' succesfully inserted for time '2018-03-04T15:00:00' and FOI '11'
Inserting Observations for foi '12' and time '2018-03-04T15:00:00'
Observations 'b'{"Temp": "10", "Vlaga": "65", "Tlak": " 992.2", "TlakTend": "  -1.9", "VjetarSmjer": "SE", "VjetarBrzina": "02", "Vrijeme": "overcast"}'' succesfully inserted for time '2018-03-04T15:00:00' and FOI '12'
Inserting Observations for foi '13' and time '2018-03-04T15:00:00'
Observations 'b'{"Temp": "-2", "Vlaga": "59", "Tlak": "1010.3", "TlakTend": "+0.5", "VjetarSmjer": "SE", "VjetarBrzina": "01", "Vrijeme": "overcast"}'' succesfully inserted for time '2018-03-04T15:00:00' and FOI '13'
Inserting Observations for foi '14' and time '2018-03-04T15:00:00'
Observations 'b'{"Temp": "-1", "Vlaga": "60", "Tlak": "1010.9", "TlakTend": "0.0", "VjetarSmjer": "S", "VjetarBrzina": "02", "Vrijeme": "cloudy", "VrijemeZnak": "4"}'' succesfully inserted for time '2018-03-04T15:00:00' and FOI '14'
Inserting Observations for foi '15' and time '2018-03-04T15:00:00'
Observations 'b'{"Temp": "-2", "Vlaga": "46", "Tlak": "1007.4", "TlakTend": "+0.6", "VjetarSmjer": "W", "VjetarBrzina": "04", "Vrijeme": "clear"}'' succesfully inserted for time '2018-03-04T15:00:00' and FOI '15'
Inserting Observations for foi '16' and time '2018-03-04T15:00:00'
Observations 'b'{"Temp": "-2", "Vlaga": "72", "Tlak": "1006.6", "TlakTend": "  -1.2", "VjetarSmjer": "SE", "VjetarBrzina": "08", "Vrijeme": "cloudy, light breeze"}'' succesfully inserted for time '2018-03-04T15:00:00' and FOI '16'
Inserting Observations for foi '17' and time '2018-03-04T15:00:00'
Observations 'b'{"Temp": "3", "Vlaga": "97", "Tlak": "980.5", "TlakTend": "-0.6", "VjetarSmjer": "NW", "VjetarBrzina": "08", "Vrijeme": "rain and snow, light breeze", "VrijemeZnak": "33"}'' succesfully inserted for time '2018-03-04T15:00:00' and FOI '17'
Inserting Observations for foi '18' and time '2018-03-04T15:00:00'
Observations 'b'{"Temp": "4", "Vlaga": "99", "Tlak": "984.5", "TlakTend": "-1.1", "VjetarSmjer": "E", "VjetarBrzina": "05", "Vrijeme": "light drizzle", "VrijemeZnak": "26"}'' succesfully inserted for time '2018-03-04T15:00:00' and FOI '18'
Inserting Observations for foi '19' and time '2018-03-04T15:00:00'
Observations 'b'{"Temp": "2", "Vlaga": "95", "Tlak": "991.2", "TlakTend": "-1.7", "VjetarSmjer": "NE", "VjetarBrzina": "05", "Vrijeme": "light rain", "VrijemeZnak": "-"}'' succesfully inserted for time '2018-03-04T15:00:00' and FOI '19'
Inserting Observations for foi '20' and time '2018-03-04T15:00:00'
Observations 'b'{"Temp": "13", "Vlaga": "68", "Tlak": "1002.6", "TlakTend": "  -1.2", "VjetarSmjer": "SW", "VjetarBrzina": "01", "Vrijeme": "cloudy"}'' succesfully inserted for time '2018-03-04T15:00:00' and FOI '20'
Inserting Observations for foi '21' and time '2018-03-04T15:00:00'
Observations 'b'{"Temp": "11", "Vlaga": "55", "Tlak": "996.5", "TlakTend": "-2.7", "VjetarSmjer": "E", "VjetarBrzina": "04", "Vrijeme": "cloudy", "VrijemeZnak": "4"}'' succesfully inserted for time '2018-03-04T15:00:00' and FOI '21'
Inserting Observations for foi '22' and time '2018-03-04T15:00:00'
Observations 'b'{"Temp": "5", "Vlaga": "80", "Tlak": " 998.1", "TlakTend": "  -1.2", "VjetarSmjer": "S", "VjetarBrzina": "02", "Vrijeme": "cloudy"}'' succesfully inserted for time '2018-03-04T15:00:00' and FOI '22'
Inserting Observations for foi '23' and time '2018-03-04T15:00:00'
Observations 'b'{"Temp": "8", "Vlaga": "89", "Tlak": "1002.5", "TlakTend": "  -0.9", "VjetarSmjer": "NE", "VjetarBrzina": "03", "Vrijeme": "cloudy"}'' succesfully inserted for time '2018-03-04T15:00:00' and FOI '23'
Inserting Observations for foi '24' and time '2018-03-04T15:00:00'
Observations 'b'{"Temp": "2", "Vlaga": "90", "Tlak": "990.4", "TlakTend": "-1.8", "VjetarSmjer": "E", "VjetarBrzina": "07", "Vrijeme": "-", "VrijemeZnak": "-"}'' succesfully inserted for time '2018-03-04T15:00:00' and FOI '24'
Inserting Observations for foi '25' and time '2018-03-04T15:00:00'
Observations 'b'{"Temp": "1", "Vlaga": "70", "Tlak": "1007.7", "TlakTend": "-1.2", "VjetarSmjer": "C", "VjetarBrzina": "01", "Vrijeme": "overcast", "VrijemeZnak": "6"}'' succesfully inserted for time '2018-03-04T15:00:00' and FOI '25'
Inserting Observations for foi '26' and time '2018-03-04T15:00:00'
Observations 'b'{"Temp": "-6", "Vlaga": "51", "Tlak": "1009.4", "TlakTend": "   0.0", "VjetarSmjer": "N", "VjetarBrzina": "03", "Vrijeme": "cloudy"}'' succesfully inserted for time '2018-03-04T15:00:00' and FOI '26'
Inserting Observations for foi '27' and time '2018-03-04T15:00:00'
Observations 'b'{"Temp": "7", "Vlaga": "91", "Tlak": "1006.5", "TlakTend": "+3.5", "VjetarSmjer": "N", "VjetarBrzina": "12", "Vrijeme": "light rain showers, strong breeze"}'' succesfully inserted for time '2018-03-04T15:00:00' and FOI '27'
Inserting Observations for foi '28' and time '2018-03-04T15:00:00'
Observations 'b'{"Temp": "-6", "Vlaga": "81", "Tlak": "1000.2", "TlakTend": "+1.4", "VjetarSmjer": "NW", "VjetarBrzina": "04", "Vrijeme": "snow"}'' succesfully inserted for time '2018-03-04T15:00:00' and FOI '28'
Inserting Observations for foi '29' and time '2018-03-04T15:00:00'
Observations 'b'{"Temp": "-1", "Vlaga": "49", "Tlak": "1009.1", "TlakTend": "  -0.8", "VjetarSmjer": "NE", "VjetarBrzina": "03", "Vrijeme": "partly cloudy"}'' succesfully inserted for time '2018-03-04T15:00:00' and FOI '29'
Inserting Observations for foi '30' and time '2018-03-04T15:00:00'
Observations 'b'{"Temp": "19", "Vlaga": "95", "Tlak": "1008.8", "TlakTend": "-0.4", "VjetarSmjer": "S", "VjetarBrzina": "02", "Vrijeme": "cloudy", "VrijemeZnak": "4"}'' succesfully inserted for time '2018-03-04T15:00:00' and FOI '30'
Inserting Observations for foi '32' and time '2018-03-04T15:00:00'
Observations 'b'{"Temp": "2", "Vlaga": "69", "Tlak": "1007.9", "TlakTend": "-1.4", "VjetarSmjer": "E", "VjetarBrzina": "01", "Vrijeme": "overcast", "VrijemeZnak": "6"}'' succesfully inserted for time '2018-03-04T15:00:00' and FOI '32'
Inserting Observations for foi '33' and time '2018-03-04T15:00:00'
Observations 'b'{"Temp": "9", "Vlaga": "81", "Tlak": "988.7", "TlakTend": "-1.1", "VjetarSmjer": "SE", "VjetarBrzina": "05", "Vrijeme": "-", "VrijemeZnak": "-"}'' succesfully inserted for time '2018-03-04T15:00:00' and FOI '33'
Inserting Observations for foi '34' and time '2018-03-04T15:00:00'
Observations 'b'{"Temp": "14", "Vlaga": "47", "Tlak": "998.1", "TlakTend": "-0.3", "VjetarSmjer": "S", "VjetarBrzina": "06", "Vrijeme": "partly cloudy", "VrijemeZnak": "3"}'' succesfully inserted for time '2018-03-04T15:00:00' and FOI '34'
Inserting Observations for foi '35' and time '2018-03-04T15:00:00'
Observations 'b'{"Temp": "2", "Vlaga": "68", "Tlak": "1007.8", "TlakTend": "-1.3", "VjetarSmjer": "E", "VjetarBrzina": "04", "Vrijeme": "partly cloudy", "VrijemeZnak": "3"}'' succesfully inserted for time '2018-03-04T15:00:00' and FOI '35'
Inserting Observations for foi '36' and time '2018-03-04T15:00:00'
Observations 'b'{"Temp": "3", "Vlaga": "93", "Tlak": "1005.9", "TlakTend": "  -0.2", "VjetarSmjer": "SE", "VjetarBrzina": "02", "Vrijeme": "partly cloudy"}'' succesfully inserted for time '2018-03-04T15:00:00' and FOI '36'
Inserting Observations for foi '37' and time '2018-03-04T15:00:00'
Observations 'b'{"Temp": "-5", "Vlaga": "69", "Tlak": "1002.3", "TlakTend": "+2.5", "VjetarSmjer": "NW", "VjetarBrzina": "05", "Vrijeme": "cloudy", "VrijemeZnak": "4"}'' succesfully inserted for time '2018-03-04T15:00:00' and FOI '37'
Inserting Observations for foi '39' and time '2018-03-04T15:00:00'
Observations 'b'{"Temp": "13", "Vlaga": "63", "Tlak": "1004.6", "TlakTend": "  -0.3", "VjetarSmjer": "E", "VjetarBrzina": "02", "Vrijeme": "cloudy"}'' succesfully inserted for time '2018-03-04T15:00:00' and FOI '39'
Inserting Observations for foi '40' and time '2018-03-04T15:00:00'
Observations 'b'{"Temp": "9", "Vlaga": "59", "Tlak": "998.8", "TlakTend": "-1.3", "VjetarSmjer": "E", "VjetarBrzina": "05", "Vrijeme": "cloudy", "VrijemeZnak": "4"}'' succesfully inserted for time '2018-03-04T15:00:00' and FOI '40'
Inserting Observations for foi '41' and time '2018-03-04T15:00:00'
Observations 'b'{"Temp": "14", "Vlaga": "75", "Tlak": "-", "TlakTend": "  -1.9", "VjetarSmjer": "N", "VjetarBrzina": "04", "Vrijeme": "light drizzle"}'' succesfully inserted for time '2018-03-04T15:00:00' and FOI '41'
Inserting Observations for foi '42' and time '2018-03-04T15:00:00'
Observations 'b'{"Temp": "12", "Vlaga": "79", "Tlak": "1001.1", "TlakTend": "  -0.6", "VjetarSmjer": "E", "VjetarBrzina": "05", "Vrijeme": "light rain"}'' succesfully inserted for time '2018-03-04T15:00:00' and FOI '42'
Inserting Observations for foi '43' and time '2018-03-04T15:00:00'
Observations 'b'{"Temp": "-1", "Vlaga": "71", "Tlak": "1011.7", "TlakTend": "+0.3", "VjetarSmjer": "NE", "VjetarBrzina": "02", "Vrijeme": "overcast"}'' succesfully inserted for time '2018-03-04T15:00:00' and FOI '43'
Inserting Observations for foi '44' and time '2018-03-04T15:00:00'
Observations 'b'{"Temp": "-3", "Vlaga": "64", "Tlak": "-", "TlakTend": "  -0.8", "VjetarSmjer": "C", "VjetarBrzina": "00", "Vrijeme": "cloudy"}'' succesfully inserted for time '2018-03-04T15:00:00' and FOI '44'
Inserting Observations for foi '45' and time '2018-03-04T15:00:00'
Observations 'b'{"Temp": "20", "Vlaga": "54", "Tlak": " 997.2", "TlakTend": "  -4.3", "VjetarSmjer": "NE", "VjetarBrzina": "05", "Vrijeme": "clear"}'' succesfully inserted for time '2018-03-04T15:00:00' and FOI '45'
Inserting Observations for foi '46' and time '2018-03-04T15:00:00'
Observations 'b'{"Temp": "7", "Vlaga": "92", "Tlak": " 991.8", "TlakTend": "+0.1", "VjetarSmjer": "SW", "VjetarBrzina": "04", "Vrijeme": "overcast"}'' succesfully inserted for time '2018-03-04T15:00:00' and FOI '46'
Inserting Observations for foi '47' and time '2018-03-04T15:00:00'
Observations 'b'{"Temp": "-2", "Vlaga": "80", "Tlak": "1010.6", "TlakTend": "-0.6", "VjetarSmjer": "E", "VjetarBrzina": "03", "Vrijeme": "overcast", "VrijemeZnak": "6"}'' succesfully inserted for time '2018-03-04T15:00:00' and FOI '47'
Inserting Observations for foi '49' and time '2018-03-04T15:00:00'
Observations 'b'{"Temp": "3", "Vlaga": "37", "Tlak": "1004.6", "TlakTend": "  -1.2", "VjetarSmjer": "-", "VjetarBrzina": "02", "Vrijeme": "cloudy"}'' succesfully inserted for time '2018-03-04T15:00:00' and FOI '49'
Inserting Observations for foi '50' and time '2018-03-04T15:00:00'
Observations 'b'{"Temp": "-1", "Vlaga": "42", "Tlak": "1020.7", "TlakTend": "  -1.0", "VjetarSmjer": "NE", "VjetarBrzina": "07", "Vrijeme": "clear"}'' succesfully inserted for time '2018-03-04T15:00:00' and FOI '50'
Inserting Observations for foi '51' and time '2018-03-04T15:00:00'
Observations 'b'{"Temp": "-4", "Vlaga": "77", "Tlak": "1008.0", "TlakTend": "+0.6", "VjetarSmjer": "NW", "VjetarBrzina": "04", "Vrijeme": "cloudy", "VrijemeZnak": "4"}'' succesfully inserted for time '2018-03-04T15:00:00' and FOI '51'
Inserting Observations for foi '52' and time '2018-03-04T15:00:00'
Observations 'b'{"Temp": "11", "Vlaga": "88", "Tlak": "1002.8", "TlakTend": "-0.1", "VjetarSmjer": "S", "VjetarBrzina": "03", "Vrijeme": "rain", "VrijemeZnak": "13"}'' succesfully inserted for time '2018-03-04T15:00:00' and FOI '52'
Inserting Observations for foi '53' and time '2018-03-04T15:00:00'
Observations 'b'{"Temp": "8", "Vlaga": "64", "Tlak": "999.6", "TlakTend": "-1.6", "VjetarSmjer": "NW", "VjetarBrzina": "04", "Vrijeme": "clear", "VrijemeZnak": "1"}'' succesfully inserted for time '2018-03-04T15:00:00' and FOI '53'
Inserting Observations for foi '54' and time '2018-03-04T15:00:00'
Observations 'b'{"Temp": "5", "Vlaga": "75", "Tlak": "1007.2", "TlakTend": "  -0.4", "VjetarSmjer": "C", "VjetarBrzina": "00", "Vrijeme": "cloudy"}'' succesfully inserted for time '2018-03-04T15:00:00' and FOI '54'
Inserting Observations for foi '56' and time '2018-03-04T15:00:00'
Observations 'b'{"Temp": "7", "Vlaga": "75", "Tlak": "1006.1", "TlakTend": "+0.5", "VjetarSmjer": "W", "VjetarBrzina": "03", "Vrijeme": "cloudy"}'' succesfully inserted for time '2018-03-04T15:00:00' and FOI '56'
Inserting Observations for foi '57' and time '2018-03-04T15:00:00'
Observations 'b'{"Temp": "-3", "Vlaga": "60", "Tlak": "1009.3", "TlakTend": "+0.2", "VjetarSmjer": "NE", "VjetarBrzina": "02", "Vrijeme": "-", "VrijemeZnak": "-"}'' succesfully inserted for time '2018-03-04T15:00:00' and FOI '57'
Inserting Observations for foi '58' and time '2018-03-04T15:00:00'
Observations 'b'{"Temp": "7", "Vlaga": "87", "Tlak": " 995.8", "TlakTend": "  -2.0", "VjetarSmjer": "NW", "VjetarBrzina": "02", "Vrijeme": "overcast"}'' succesfully inserted for time '2018-03-04T15:00:00' and FOI '58'
Inserting Observations for foi '59' and time '2018-03-04T15:00:00'
Observations 'b'{"Temp": "-7", "Vlaga": "78", "Tlak": "-", "TlakTend": "-", "VjetarSmjer": "N", "VjetarBrzina": "02", "Vrijeme": "-", "VrijemeZnak": "-"}'' succesfully inserted for time '2018-03-04T15:00:00' and FOI '59'
Inserting Observations for foi '60' and time '2018-03-04T15:00:00'
Observations 'b'{"Temp": "17", "Vlaga": "46", "Tlak": "1003.3", "TlakTend": "+0.2", "VjetarSmjer": "NW", "VjetarBrzina": "04", "Vrijeme": "partly cloudy"}'' succesfully inserted for time '2018-03-04T15:00:00' and FOI '60'
Inserting Observations for foi '61' and time '2018-03-04T15:00:00'
Observations 'b'{"Temp": "12", "Vlaga": "62", "Tlak": " 998.0", "TlakTend": "+0.2", "VjetarSmjer": "N", "VjetarBrzina": "03", "Vrijeme": "cloudy"}'' succesfully inserted for time '2018-03-04T15:00:00' and FOI '61'
Inserting Observations for foi '62' and time '2018-03-04T15:00:00'/usr/local/lib/python3.6/dist-packages/psycopg2/__init__.py:144: UserWarning: The psycopg2 wheel package will be renamed from release 2.8; in order to keep installing from binary please use "pip install psycopg2-binary" instead. For details see: <http://initd.org/psycopg/docs/install.html#binary-install-from-pypi>.
  """)

Observations 'b'{"Temp": "11", "Vlaga": "65", "Tlak": "1004.2", "TlakTend": "  -0.9", "VjetarSmjer": "NW", "VjetarBrzina": "01", "Vrijeme": "cloudy"}'' succesfully inserted for time '2018-03-04T15:00:00' and FOI '62'
Inserting Observations for foi '63' and time '2018-03-04T15:00:00'
Observations 'b'{"Temp": "3", "Vlaga": "82", "Tlak": "1010.0", "TlakTend": "  -0.9", "VjetarSmjer": "E", "VjetarBrzina": "01", "Vrijeme": "cloudy"}'' succesfully inserted for time '2018-03-04T15:00:00' and FOI '63'
Inserting Observations for foi '65' and time '2018-03-04T15:00:00'
Observations 'b'{"Temp": "4", "Vlaga": "94", "Tlak": "1004.7", "TlakTend": "  -0.7", "VjetarSmjer": "SW", "VjetarBrzina": "05", "Vrijeme": "fog"}'' succesfully inserted for time '2018-03-04T15:00:00' and FOI '65'
Inserting Observations for foi '66' and time '2018-03-04T15:00:00'
Observations 'b'{"Temp": "-4", "Vlaga": "57", "Tlak": "1006.4", "TlakTend": "+1.2", "VjetarSmjer": "NW", "VjetarBrzina": "04", "Vrijeme": "clear", "VrijemeZnak": "1"}'' succesfully inserted for time '2018-03-04T15:00:00' and FOI '66'
Inserting Observations for foi '67' and time '2018-03-04T15:00:00'
Observations 'b'{"Temp": "-1", "Vlaga": "54", "Tlak": "1009.2", "TlakTend": "  -0.5", "VjetarSmjer": "W", "VjetarBrzina": "01", "Vrijeme": "mainly clear"}'' succesfully inserted for time '2018-03-04T15:00:00' and FOI '67'
Inserting Observations for foi '68' and time '2018-03-04T15:00:00'
Observations 'b'{"Temp": "2", "Vlaga": "59", "Tlak": "1006.7", "TlakTend": "-1.5", "VjetarSmjer": "SE", "VjetarBrzina": "03", "Vrijeme": "clear", "VrijemeZnak": "1"}'' succesfully inserted for time '2018-03-04T15:00:00' and FOI '68'
Inserting Observations for foi '69' and time '2018-03-04T15:00:00'
Observations 'b'{"Temp": "2", "Vlaga": "67", "Tlak": "1008.9", "TlakTend": "  -0.8", "VjetarSmjer": "SE", "VjetarBrzina": "01", "Vrijeme": "overcast"}'' succesfully inserted for time '2018-03-04T15:00:00' and FOI '69'
Inserting Observations for foi '70' and time '2018-03-04T15:00:00'
Observations 'b'{"Temp": "10", "Vlaga": "60", "Tlak": " 995.7", "TlakTend": "  -1.7", "VjetarSmjer": "NE", "VjetarBrzina": "02", "Vrijeme": "-"}'' succesfully inserted for time '2018-03-04T15:00:00' and FOI '70'

****** Scrapper process finished on '2018-03-04T16:30:06.859620' 

